<?xml version="1.0" encoding="UTF-8"?>
<!-- Generated by org.testng.reporters.JUnitReportReporter -->
<testsuite skipped="0" hostname="LAPTOP-E20AETQ6" name="Nelito.AllUserActivity" tests="4" failures="0" timestamp="02 Apr 2020 14:22:20 GMT" time="247.665" errors="0">
  <testcase name="NelitoBM" time="66.796" classname="Nelito.AllUserActivity"/>
  <testcase name="NelitoCCO" time="64.265" classname="Nelito.AllUserActivity"/>
  <testcase name="NelitoCRO" time="68.087" classname="Nelito.AllUserActivity"/>
  <testcase name="NelitoBDO" time="48.517" classname="Nelito.AllUserActivity"/>
</testsuite> <!-- Nelito.AllUserActivity -->
